{"level":"info","message":"Hello from Acquisitions!","service":"acquisitions-api","timestamp":"2025-09-25T08:45:39.427Z"}
{"level":"info","message":"::1 - - [25/Sep/2025:08:45:39 +0000] \"GET / HTTP/1.1\" 304 - \"-\" \"Mozilla/5.0 (Windows NT 10.0; Win64; x64) AppleWebKit/537.36 (KHTML, like Gecko) Chrome/140.0.0.0 Safari/537.36\"","service":"acquisitions-api","timestamp":"2025-09-25T08:45:39.449Z"}
{"level":"info","message":"::1 - - [28/Sep/2025:15:01:05 +0000] \"GET /favicon.ico HTTP/1.1\" 404 150 \"-\" \"Mozilla/5.0 (Windows NT 10.0; Win64; x64) AppleWebKit/537.36 (KHTML, like Gecko) Chrome/140.0.0.0 Safari/537.36\"","service":"acquisitions-api","timestamp":"2025-09-28T15:01:05.106Z"}
{"level":"info","message":"Hello from Acquisitions!","service":"acquisitions-api","timestamp":"2025-09-28T16:11:57.766Z"}
{"level":"info","message":"::1 - - [28/Sep/2025:16:11:57 +0000] \"GET / HTTP/1.1\" 304 - \"-\" \"Mozilla/5.0 (Windows NT 10.0; Win64; x64) AppleWebKit/537.36 (KHTML, like Gecko) Chrome/140.0.0.0 Safari/537.36\"","service":"acquisitions-api","timestamp":"2025-09-28T16:11:57.791Z"}
{"level":"info","message":"Hello from Acquisitions!","service":"acquisitions-api","timestamp":"2025-09-28T16:23:43.071Z"}
{"level":"info","message":"::1 - - [28/Sep/2025:16:23:43 +0000] \"GET / HTTP/1.1\" 304 - \"-\" \"Mozilla/5.0 (Windows NT 10.0; Win64; x64) AppleWebKit/537.36 (KHTML, like Gecko) Chrome/140.0.0.0 Safari/537.36\"","service":"acquisitions-api","timestamp":"2025-09-28T16:23:43.075Z"}
{"level":"info","message":"Hello from Acquisitions!","service":"acquisitions-api","timestamp":"2025-09-28T16:30:22.366Z"}
{"level":"info","message":"::1 - - [28/Sep/2025:16:30:22 +0000] \"GET / HTTP/1.1\" 200 24 \"-\" \"PostmanRuntime/7.37.3\"","service":"acquisitions-api","timestamp":"2025-09-28T16:30:22.374Z"}
{"level":"info","message":"::1 - - [28/Sep/2025:16:30:55 +0000] \"GET /api HTTP/1.1\" 200 29 \"-\" \"PostmanRuntime/7.37.3\"","service":"acquisitions-api","timestamp":"2025-09-28T16:30:55.610Z"}
{"level":"info","message":"::1 - - [28/Sep/2025:16:31:52 +0000] \"GET /api HTTP/1.1\" 200 41 \"-\" \"PostmanRuntime/7.37.3\"","service":"acquisitions-api","timestamp":"2025-09-28T16:31:52.195Z"}
{"level":"info","message":"::1 - - [28/Sep/2025:16:32:19 +0000] \"GET /health HTTP/1.1\" 200 35 \"-\" \"PostmanRuntime/7.37.3\"","service":"acquisitions-api","timestamp":"2025-09-28T16:32:19.285Z"}
{"level":"info","message":"::1 - - [28/Sep/2025:16:33:37 +0000] \"GET /health HTTP/1.1\" 200 34 \"-\" \"PostmanRuntime/7.37.3\"","service":"acquisitions-api","timestamp":"2025-09-28T16:33:37.221Z"}
{"level":"info","message":"::1 - - [28/Sep/2025:16:34:22 +0000] \"GET /health HTTP/1.1\" 200 34 \"-\" \"PostmanRuntime/7.37.3\"","service":"acquisitions-api","timestamp":"2025-09-28T16:34:22.149Z"}
{"level":"info","message":"::1 - - [28/Sep/2025:16:34:59 +0000] \"GET /health HTTP/1.1\" 200 73 \"-\" \"PostmanRuntime/7.37.3\"","service":"acquisitions-api","timestamp":"2025-09-28T16:34:59.505Z"}
{"level":"info","message":"::1 - - [28/Sep/2025:16:36:00 +0000] \"POST /api/auth/sign-in HTTP/1.1\" 200 30 \"-\" \"PostmanRuntime/7.37.3\"","service":"acquisitions-api","timestamp":"2025-09-28T16:36:00.404Z"}
{"level":"info","message":"::1 - - [29/Sep/2025:15:59:19 +0000] \"POST /api/auth/sign-in HTTP/1.1\" 200 30 \"-\" \"PostmanRuntime/7.37.3\"","service":"acquisitions-api","timestamp":"2025-09-29T15:59:19.221Z"}
{"level":"info","message":"::1 - - [29/Sep/2025:16:01:31 +0000] \"POST /api/auth/sign-up HTTP/1.1\" 400 92 \"-\" \"PostmanRuntime/7.37.3\"","service":"acquisitions-api","timestamp":"2025-09-29T16:01:31.353Z"}
{"level":"info","message":"::1 - - [29/Sep/2025:16:05:41 +0000] \"POST /api/auth/sign-up HTTP/1.1\" 400 144 \"-\" \"PostmanRuntime/7.37.3\"","service":"acquisitions-api","timestamp":"2025-09-29T16:05:41.331Z"}
{"level":"info","message":"User registered successfully: adityapandey@gmail.com","service":"acquisitions-api","timestamp":"2025-09-29T16:08:41.484Z"}
{"level":"info","message":"::1 - - [29/Sep/2025:16:08:41 +0000] \"POST /api/auth/sign-up HTTP/1.1\" 201 78 \"-\" \"PostmanRuntime/7.37.3\"","service":"acquisitions-api","timestamp":"2025-09-29T16:08:41.494Z"}
{"level":"info","message":"User registered successfully: adityapandey@gmail.com","service":"acquisitions-api","timestamp":"2025-09-30T14:05:34.262Z"}
{"level":"info","message":"::1 - - [30/Sep/2025:14:05:34 +0000] \"POST /api/auth/sign-up HTTP/1.1\" 201 78 \"-\" \"PostmanRuntime/7.48.0\"","service":"acquisitions-api","timestamp":"2025-09-30T14:05:34.296Z"}
{"level":"info","message":"User registered successfully: adityapandey@gmail.com","service":"acquisitions-api","timestamp":"2025-09-30T15:00:19.386Z"}
{"level":"info","message":"::1 - - [30/Sep/2025:15:00:19 +0000] \"POST /api/auth/sign-up HTTP/1.1\" 201 78 \"-\" \"PostmanRuntime/7.48.0\"","service":"acquisitions-api","timestamp":"2025-09-30T15:00:19.422Z"}
{"level":"info","message":"User registered successfully: adityapandey@gmail.com","service":"acquisitions-api","timestamp":"2025-09-30T15:01:20.423Z"}
{"level":"info","message":"::1 - - [30/Sep/2025:15:01:20 +0000] \"POST /api/auth/sign-up HTTP/1.1\" 201 78 \"-\" \"PostmanRuntime/7.48.0\"","service":"acquisitions-api","timestamp":"2025-09-30T15:01:20.466Z"}
{"level":"info","message":"User registered successfully: adityapandey@gmail.com","service":"acquisitions-api","timestamp":"2025-09-30T15:02:46.460Z"}
{"level":"info","message":"::1 - - [30/Sep/2025:15:02:46 +0000] \"POST /api/auth/sign-up HTTP/1.1\" 201 78 \"-\" \"PostmanRuntime/7.48.0\"","service":"acquisitions-api","timestamp":"2025-09-30T15:02:46.465Z"}
{"level":"info","message":"User registered successfully: adityapandey@gmail.com","service":"acquisitions-api","timestamp":"2025-09-30T15:17:36.886Z"}
{"level":"info","message":"::1 - - [30/Sep/2025:15:17:36 +0000] \"POST /api/auth/sign-up HTTP/1.1\" 201 78 \"-\" \"PostmanRuntime/7.48.0\"","service":"acquisitions-api","timestamp":"2025-09-30T15:17:36.889Z"}
{"level":"info","message":"::1 - - [30/Sep/2025:15:18:44 +0000] \"POST /api/auth/sign-up HTTP/1.1\" 400 92 \"-\" \"PostmanRuntime/7.48.0\"","service":"acquisitions-api","timestamp":"2025-09-30T15:18:44.995Z"}
{"level":"info","message":"User registered successfully: adityapandey@gmail.com","service":"acquisitions-api","timestamp":"2025-09-30T15:18:52.069Z"}
{"level":"info","message":"::1 - - [30/Sep/2025:15:18:52 +0000] \"POST /api/auth/sign-up HTTP/1.1\" 201 78 \"-\" \"PostmanRuntime/7.48.0\"","service":"acquisitions-api","timestamp":"2025-09-30T15:18:52.073Z"}
{"level":"info","message":"User registered successfully: adityapandey@gmail.com","service":"acquisitions-api","timestamp":"2025-09-30T15:19:09.403Z"}
{"level":"info","message":"::1 - - [30/Sep/2025:15:19:09 +0000] \"POST /api/auth/sign-up HTTP/1.1\" 201 78 \"-\" \"PostmanRuntime/7.48.0\"","service":"acquisitions-api","timestamp":"2025-09-30T15:19:09.443Z"}
{"level":"info","message":"User registered successfully: adityapandey@gmail.com","service":"acquisitions-api","timestamp":"2025-09-30T15:20:47.828Z"}
{"level":"info","message":"::1 - - [30/Sep/2025:15:20:47 +0000] \"POST /api/auth/sign-up HTTP/1.1\" 201 78 \"-\" \"PostmanRuntime/7.48.0\"","service":"acquisitions-api","timestamp":"2025-09-30T15:20:47.888Z"}
{"level":"info","message":"::1 - - [30/Sep/2025:15:30:08 +0000] \"POST /api/auth/sign-up HTTP/1.1\" 400 92 \"-\" \"PostmanRuntime/7.48.0\"","service":"acquisitions-api","timestamp":"2025-09-30T15:30:08.189Z"}
{"level":"info","message":"::1 - - [30/Sep/2025:15:31:36 +0000] \"POST /api/auth/sign-up HTTP/1.1\" 400 92 \"-\" \"PostmanRuntime/7.48.0\"","service":"acquisitions-api","timestamp":"2025-09-30T15:31:36.778Z"}
{"level":"error","message":"Signup error [\n  {\n    \"expected\": \"object\",\n    \"code\": \"invalid_type\",\n    \"path\": [],\n    \"message\": \"Invalid input: expected object, received undefined\"\n  }\n]","name":"ZodError","service":"acquisitions-api","stack":"ZodError: [\n  {\n    \"expected\": \"object\",\n    \"code\": \"invalid_type\",\n    \"path\": [],\n    \"message\": \"Invalid input: expected object, received undefined\"\n  }\n]\n    at signup (file:///D:/Personal%20Codes/WorkSpace/devops/acquisitions/src/controllers/auth.controller.js:7:43)\n    at Layer.handleRequest (D:\\Personal Codes\\WorkSpace\\devops\\acquisitions\\node_modules\\router\\lib\\layer.js:152:17)\n    at next (D:\\Personal Codes\\WorkSpace\\devops\\acquisitions\\node_modules\\router\\lib\\route.js:157:13)\n    at Route.dispatch (D:\\Personal Codes\\WorkSpace\\devops\\acquisitions\\node_modules\\router\\lib\\route.js:117:3)\n    at handle (D:\\Personal Codes\\WorkSpace\\devops\\acquisitions\\node_modules\\router\\index.js:435:11)\n    at Layer.handleRequest (D:\\Personal Codes\\WorkSpace\\devops\\acquisitions\\node_modules\\router\\lib\\layer.js:152:17)\n    at D:\\Personal Codes\\WorkSpace\\devops\\acquisitions\\node_modules\\router\\index.js:295:15\n    at processParams (D:\\Personal Codes\\WorkSpace\\devops\\acquisitions\\node_modules\\router\\index.js:582:12)\n    at next (D:\\Personal Codes\\WorkSpace\\devops\\acquisitions\\node_modules\\router\\index.js:291:5)\n    at Function.handle (D:\\Personal Codes\\WorkSpace\\devops\\acquisitions\\node_modules\\router\\index.js:186:3)","timestamp":"2025-09-30T15:32:19.399Z"}
{"level":"info","message":"::1 - - [30/Sep/2025:15:32:19 +0000] \"POST /api/auth/sign-up HTTP/1.1\" 500 1621 \"-\" \"PostmanRuntime/7.48.0\"","service":"acquisitions-api","timestamp":"2025-09-30T15:32:19.421Z"}
{"level":"info","message":"::1 - - [30/Sep/2025:15:32:55 +0000] \"POST /api/auth/sign-up HTTP/1.1\" 400 59 \"-\" \"PostmanRuntime/7.48.0\"","service":"acquisitions-api","timestamp":"2025-09-30T15:32:55.263Z"}
{"level":"info","message":"::1 - - [30/Sep/2025:15:33:05 +0000] \"POST /api/auth/sign-up HTTP/1.1\" 400 59 \"-\" \"PostmanRuntime/7.48.0\"","service":"acquisitions-api","timestamp":"2025-09-30T15:33:05.876Z"}
{"level":"info","message":"User registered successfully: adityapandey@gmail.com","service":"acquisitions-api","timestamp":"2025-09-30T15:42:04.835Z"}
{"level":"info","message":"::1 - - [30/Sep/2025:15:42:04 +0000] \"POST /api/auth/sign-up HTTP/1.1\" 201 78 \"-\" \"PostmanRuntime/7.48.0\"","service":"acquisitions-api","timestamp":"2025-09-30T15:42:04.860Z"}
{"level":"info","message":"User registered successfully: adityapandey@gmail.com","service":"acquisitions-api","timestamp":"2025-09-30T15:44:07.233Z"}
{"level":"info","message":"::1 - - [30/Sep/2025:15:44:07 +0000] \"POST /api/auth/sign-up HTTP/1.1\" 201 116 \"-\" \"PostmanRuntime/7.48.0\"","service":"acquisitions-api","timestamp":"2025-09-30T15:44:07.263Z"}
{"level":"info","message":"::1 - - [30/Sep/2025:15:45:00 +0000] \"POST /api/auth/sign-up HTTP/1.1\" 400 92 \"-\" \"PostmanRuntime/7.48.0\"","service":"acquisitions-api","timestamp":"2025-09-30T15:45:00.614Z"}
{"level":"info","message":"::1 - - [30/Sep/2025:15:45:15 +0000] \"POST /api/auth/sign-up HTTP/1.1\" 400 92 \"-\" \"PostmanRuntime/7.48.0\"","service":"acquisitions-api","timestamp":"2025-09-30T15:45:15.140Z"}
{"level":"info","message":"::1 - - [30/Sep/2025:15:45:17 +0000] \"POST /api/auth/sign-up HTTP/1.1\" 400 92 \"-\" \"PostmanRuntime/7.48.0\"","service":"acquisitions-api","timestamp":"2025-09-30T15:45:17.182Z"}
{"level":"info","message":"::1 - - [30/Sep/2025:15:45:46 +0000] \"POST /api/auth/sign-up HTTP/1.1\" 400 92 \"-\" \"PostmanRuntime/7.48.0\"","service":"acquisitions-api","timestamp":"2025-09-30T15:45:46.779Z"}
{"level":"error","message":"Error creating the user: TypeError: Cannot convert undefined or null to object","service":"acquisitions-api","timestamp":"2025-09-30T19:18:28.274Z"}
{"level":"error","message":"Signup error Cannot convert undefined or null to object","service":"acquisitions-api","stack":"TypeError: Cannot convert undefined or null to object\n    at Function.entries (<anonymous>)\n    at orderSelectedFields (file:///D:/Personal%20Codes/WorkSpace/devops/acquisitions/node_modules/drizzle-orm/utils.js:53:17)\n    at file:///D:/Personal%20Codes/WorkSpace/devops/acquisitions/node_modules/drizzle-orm/utils.js:63:22\n    at Array.reduce (<anonymous>)\n    at orderSelectedFields (file:///D:/Personal%20Codes/WorkSpace/devops/acquisitions/node_modules/drizzle-orm/utils.js:53:33)\n    at QueryPromise.returning (file:///D:/Personal%20Codes/WorkSpace/devops/acquisitions/node_modules/drizzle-orm/pg-core/query-builders/insert.js:75:29)\n    at createUser (file:///D:/Personal%20Codes/WorkSpace/devops/acquisitions/src/services/auth.service.js:31:8)\n    at async signup (file:///D:/Personal%20Codes/WorkSpace/devops/acquisitions/src/controllers/auth.controller.js:21:18)","timestamp":"2025-09-30T19:18:28.279Z"}
{"level":"info","message":"::1 - - [30/Sep/2025:19:18:28 +0000] \"POST /api/auth/sign-up HTTP/1.1\" 500 1114 \"-\" \"PostmanRuntime/7.48.0\"","service":"acquisitions-api","timestamp":"2025-09-30T19:18:28.286Z"}
{"level":"error","message":"Error creating the user: TypeError: Cannot convert undefined or null to object","service":"acquisitions-api","timestamp":"2025-09-30T19:19:02.893Z"}
{"level":"error","message":"Signup error Cannot convert undefined or null to object","service":"acquisitions-api","stack":"TypeError: Cannot convert undefined or null to object\n    at Function.entries (<anonymous>)\n    at orderSelectedFields (file:///D:/Personal%20Codes/WorkSpace/devops/acquisitions/node_modules/drizzle-orm/utils.js:53:17)\n    at file:///D:/Personal%20Codes/WorkSpace/devops/acquisitions/node_modules/drizzle-orm/utils.js:63:22\n    at Array.reduce (<anonymous>)\n    at orderSelectedFields (file:///D:/Personal%20Codes/WorkSpace/devops/acquisitions/node_modules/drizzle-orm/utils.js:53:33)\n    at QueryPromise.returning (file:///D:/Personal%20Codes/WorkSpace/devops/acquisitions/node_modules/drizzle-orm/pg-core/query-builders/insert.js:75:29)\n    at createUser (file:///D:/Personal%20Codes/WorkSpace/devops/acquisitions/src/services/auth.service.js:31:8)\n    at async signup (file:///D:/Personal%20Codes/WorkSpace/devops/acquisitions/src/controllers/auth.controller.js:21:18)","timestamp":"2025-09-30T19:19:02.894Z"}
{"level":"info","message":"::1 - - [30/Sep/2025:19:19:02 +0000] \"POST /api/auth/sign-up HTTP/1.1\" 500 1114 \"-\" \"PostmanRuntime/7.48.0\"","service":"acquisitions-api","timestamp":"2025-09-30T19:19:02.895Z"}
{"level":"info","message":"Hello from Acquisitions!","service":"acquisitions-api","timestamp":"2025-10-01T07:06:34.654Z"}
{"level":"info","message":"::1 - - [01/Oct/2025:07:06:34 +0000] \"GET / HTTP/1.1\" 304 - \"-\" \"Mozilla/5.0 (Windows NT 10.0; Win64; x64) AppleWebKit/537.36 (KHTML, like Gecko) Chrome/140.0.0.0 Safari/537.36\"","service":"acquisitions-api","timestamp":"2025-10-01T07:06:34.704Z"}
{"level":"info","message":"User adityapandey@gmail.com created successfully","service":"acquisitions-api","timestamp":"2025-10-01T07:06:49.047Z"}
{"level":"error","message":"Signup error res.cookies is not a function","service":"acquisitions-api","stack":"TypeError: res.cookies is not a function\n    at Object.set (file:///D:/Personal%20Codes/WorkSpace/devops/acquisitions/src/utils/cookies.js:10:9)\n    at signup (file:///D:/Personal%20Codes/WorkSpace/devops/acquisitions/src/controllers/auth.controller.js:26:13)\n    at process.processTicksAndRejections (node:internal/process/task_queues:95:5)","timestamp":"2025-10-01T07:06:49.075Z"}
{"level":"info","message":"::1 - - [01/Oct/2025:07:06:49 +0000] \"POST /api/auth/sign-up HTTP/1.1\" 500 507 \"-\" \"PostmanRuntime/7.48.0\"","service":"acquisitions-api","timestamp":"2025-10-01T07:06:49.088Z"}
{"level":"error","message":"Error creating the user: Error: User already exists","service":"acquisitions-api","timestamp":"2025-10-01T08:47:35.463Z"}
{"level":"error","message":"Signup error User already exists","service":"acquisitions-api","stack":"Error: User already exists\n    at createUser (file:///D:/Personal%20Codes/WorkSpace/devops/acquisitions/src/services/auth.service.js:24:40)\n    at process.processTicksAndRejections (node:internal/process/task_queues:95:5)\n    at async signup (file:///D:/Personal%20Codes/WorkSpace/devops/acquisitions/src/controllers/auth.controller.js:21:18)","timestamp":"2025-10-01T08:47:35.490Z"}
{"level":"info","message":"::1 - - [01/Oct/2025:08:47:35 +0000] \"POST /api/auth/sign-up HTTP/1.1\" 500 508 \"-\" \"PostmanRuntime/7.48.0\"","service":"acquisitions-api","timestamp":"2025-10-01T08:47:35.524Z"}
{"level":"info","message":"User adityapandey@gmail.com created successfully","service":"acquisitions-api","timestamp":"2025-10-01T08:48:37.441Z"}
{"level":"error","message":"Signup error res.cookies is not a function","service":"acquisitions-api","stack":"TypeError: res.cookies is not a function\n    at Object.set (file:///D:/Personal%20Codes/WorkSpace/devops/acquisitions/src/utils/cookies.js:10:9)\n    at signup (file:///D:/Personal%20Codes/WorkSpace/devops/acquisitions/src/controllers/auth.controller.js:26:13)\n    at process.processTicksAndRejections (node:internal/process/task_queues:95:5)","timestamp":"2025-10-01T08:48:37.460Z"}
{"level":"info","message":"::1 - - [01/Oct/2025:08:48:37 +0000] \"POST /api/auth/sign-up HTTP/1.1\" 500 507 \"-\" \"PostmanRuntime/7.48.0\"","service":"acquisitions-api","timestamp":"2025-10-01T08:48:37.466Z"}
{"level":"info","message":"User adityapandey@gmail.com created successfully","service":"acquisitions-api","timestamp":"2025-10-01T08:50:31.518Z"}
{"level":"info","message":"User registered successfully: adityapandey@gmail.com","service":"acquisitions-api","timestamp":"2025-10-01T08:50:31.640Z"}
{"level":"info","message":"::1 - - [01/Oct/2025:08:50:31 +0000] \"POST /api/auth/sign-up HTTP/1.1\" 201 116 \"-\" \"PostmanRuntime/7.48.0\"","service":"acquisitions-api","timestamp":"2025-10-01T08:50:31.743Z"}
{"level":"info","message":"Hello from Acquisitions!","service":"acquisitions-api","timestamp":"2025-10-03T05:09:15.434Z"}
{"level":"info","message":"::1 - - [03/Oct/2025:05:09:15 +0000] \"GET / HTTP/1.1\" 304 - \"-\" \"Mozilla/5.0 (Windows NT 10.0; Win64; x64) AppleWebKit/537.36 (KHTML, like Gecko) Chrome/140.0.0.0 Safari/537.36\"","service":"acquisitions-api","timestamp":"2025-10-03T05:09:15.504Z"}
{"level":"info","message":"User john.doe@example.com created successfully","service":"acquisitions-api","timestamp":"2025-10-03T05:09:44.631Z"}
{"level":"info","message":"User registered successfully: john.doe@example.com","service":"acquisitions-api","timestamp":"2025-10-03T05:09:44.647Z"}
{"level":"info","message":"::1 - - [03/Oct/2025:05:09:44 +0000] \"POST /api/auth/sign-up HTTP/1.1\" 201 108 \"-\" \"PostmanRuntime/7.48.0\"","service":"acquisitions-api","timestamp":"2025-10-03T05:09:44.660Z"}
{"level":"info","message":"User john.doe@example.com authenticated successfully","service":"acquisitions-api","timestamp":"2025-10-03T05:10:01.940Z"}
{"level":"info","message":"User signed in successfully: john.doe@example.com","service":"acquisitions-api","timestamp":"2025-10-03T05:10:01.945Z"}
{"level":"info","message":"::1 - - [03/Oct/2025:05:10:01 +0000] \"POST /api/auth/sign-in HTTP/1.1\" 200 120 \"-\" \"PostmanRuntime/7.48.0\"","service":"acquisitions-api","timestamp":"2025-10-03T05:10:01.949Z"}
{"level":"error","message":"Error authenticating the user: Error: Invalid password","service":"acquisitions-api","timestamp":"2025-10-03T05:10:48.087Z"}
{"level":"error","message":"Signin error Invalid password","service":"acquisitions-api","stack":"Error: Invalid password\n    at authenticateUser (file:///D:/Personal%20Codes/WorkSpace/devops/acquisitions/src/services/auth.service.js:70:13)\n    at async signin (file:///D:/Personal%20Codes/WorkSpace/devops/acquisitions/src/controllers/auth.controller.js:61:18)","timestamp":"2025-10-03T05:10:48.089Z"}
{"level":"info","message":"::1 - - [03/Oct/2025:05:10:48 +0000] \"POST /api/auth/sign-in HTTP/1.1\" 401 37 \"-\" \"PostmanRuntime/7.48.0\"","service":"acquisitions-api","timestamp":"2025-10-03T05:10:48.092Z"}
{"level":"error","message":"Error authenticating the user: Error: User not found","service":"acquisitions-api","timestamp":"2025-10-03T05:11:20.933Z"}
{"level":"error","message":"Signin error User not found","service":"acquisitions-api","stack":"Error: User not found\n    at authenticateUser (file:///D:/Personal%20Codes/WorkSpace/devops/acquisitions/src/services/auth.service.js:64:13)\n    at process.processTicksAndRejections (node:internal/process/task_queues:95:5)\n    at async signin (file:///D:/Personal%20Codes/WorkSpace/devops/acquisitions/src/controllers/auth.controller.js:61:18)","timestamp":"2025-10-03T05:11:20.936Z"}
{"level":"info","message":"::1 - - [03/Oct/2025:05:11:20 +0000] \"POST /api/auth/sign-in HTTP/1.1\" 401 37 \"-\" \"PostmanRuntime/7.48.0\"","service":"acquisitions-api","timestamp":"2025-10-03T05:11:20.941Z"}
{"level":"info","message":"User signed out successfully: john.doe@example.com","service":"acquisitions-api","timestamp":"2025-10-03T05:11:36.868Z"}
{"level":"info","message":"::1 - - [03/Oct/2025:05:11:36 +0000] \"POST /api/auth/sign-out HTTP/1.1\" 200 42 \"-\" \"PostmanRuntime/7.48.0\"","service":"acquisitions-api","timestamp":"2025-10-03T05:11:36.871Z"}
{"level":"info","message":"::1 - - [03/Oct/2025:05:12:08 +0000] \"POST /api/auth/sign-in HTTP/1.1\" 400 63 \"-\" \"PostmanRuntime/7.48.0\"","service":"acquisitions-api","timestamp":"2025-10-03T05:12:08.879Z"}
{"level":"info","message":"::1 - - [03/Oct/2025:07:09:05 +0000] \"GET /health HTTP/1.1\" 200 73 \"-\" \"PostmanRuntime/7.48.0\"","service":"acquisitions-api","timestamp":"2025-10-03T07:09:05.464Z"}
{"level":"info","message":"::1 - - [03/Oct/2025:07:10:44 +0000] \"GET /health HTTP/1.1\" 200 75 \"-\" \"PostmanRuntime/7.48.0\"","service":"acquisitions-api","timestamp":"2025-10-03T07:10:44.939Z"}
{"level":"info","message":"::1 - - [03/Oct/2025:07:11:14 +0000] \"GET /health HTTP/1.1\" 200 75 \"-\" \"PostmanRuntime/7.48.0\"","service":"acquisitions-api","timestamp":"2025-10-03T07:11:14.999Z"}
{"ip":"::1","level":"warn","message":"Bot request blocked","path":"/health","service":"acquisitions-api","timestamp":"2025-10-03T07:31:27.679Z","userAgent":"PostmanRuntime/7.48.0"}
{"level":"info","message":"::1 - - [03/Oct/2025:07:31:27 +0000] \"GET /health HTTP/1.1\" 500 67 \"-\" \"PostmanRuntime/7.48.0\"","service":"acquisitions-api","timestamp":"2025-10-03T07:31:27.693Z"}
{"ip":"::1","level":"warn","message":"Bot request blocked","path":"/health","service":"acquisitions-api","timestamp":"2025-10-03T07:31:31.074Z","userAgent":"PostmanRuntime/7.48.0"}
{"level":"info","message":"::1 - - [03/Oct/2025:07:31:31 +0000] \"GET /health HTTP/1.1\" 500 67 \"-\" \"PostmanRuntime/7.48.0\"","service":"acquisitions-api","timestamp":"2025-10-03T07:31:31.077Z"}
{"ip":"::1","level":"warn","message":"Bot request blocked","path":"/health","service":"acquisitions-api","timestamp":"2025-10-03T07:31:35.451Z","userAgent":"PostmanRuntime/7.48.0"}
{"level":"info","message":"::1 - - [03/Oct/2025:07:31:35 +0000] \"GET /health HTTP/1.1\" 500 67 \"-\" \"PostmanRuntime/7.48.0\"","service":"acquisitions-api","timestamp":"2025-10-03T07:31:35.454Z"}
{"ip":"::1","level":"warn","message":"Bot request blocked","path":"/health","service":"acquisitions-api","timestamp":"2025-10-03T08:12:01.751Z","userAgent":"PostmanRuntime/7.48.0"}
{"level":"info","message":"::1 - - [03/Oct/2025:08:12:01 +0000] \"GET /health HTTP/1.1\" 500 67 \"-\" \"PostmanRuntime/7.48.0\"","service":"acquisitions-api","timestamp":"2025-10-03T08:12:01.760Z"}
{"ip":"::1","level":"warn","message":"Bot request blocked","path":"/health","service":"acquisitions-api","timestamp":"2025-10-03T08:15:00.730Z","userAgent":"PostmanRuntime/7.48.0"}
{"level":"info","message":"::1 - - [03/Oct/2025:08:15:00 +0000] \"GET /health HTTP/1.1\" 500 67 \"-\" \"PostmanRuntime/7.48.0\"","service":"acquisitions-api","timestamp":"2025-10-03T08:15:00.756Z"}
{"ip":"::1","level":"warn","message":"Bot request blocked","path":"/health","service":"acquisitions-api","timestamp":"2025-10-03T08:15:05.629Z","userAgent":"PostmanRuntime/7.48.0"}
{"level":"info","message":"::1 - - [03/Oct/2025:08:15:05 +0000] \"GET /health HTTP/1.1\" 500 67 \"-\" \"PostmanRuntime/7.48.0\"","service":"acquisitions-api","timestamp":"2025-10-03T08:15:05.636Z"}
{"ip":"::1","level":"warn","message":"Bot request blocked","path":"/health","service":"acquisitions-api","timestamp":"2025-10-03T08:39:38.578Z","userAgent":"PostmanRuntime/7.48.0"}
{"level":"info","message":"::1 - - [03/Oct/2025:08:39:38 +0000] \"GET /health HTTP/1.1\" 500 67 \"-\" \"PostmanRuntime/7.48.0\"","service":"acquisitions-api","timestamp":"2025-10-03T08:39:38.589Z"}
{"ip":"::1","level":"warn","message":"Bot request blocked","path":"/health","service":"acquisitions-api","timestamp":"2025-10-03T08:41:00.008Z","userAgent":"PostmanRuntime/7.48.0"}
{"level":"info","message":"::1 - - [03/Oct/2025:08:41:00 +0000] \"GET /health HTTP/1.1\" 200 67 \"-\" \"PostmanRuntime/7.48.0\"","service":"acquisitions-api","timestamp":"2025-10-03T08:41:00.036Z"}
{"level":"info","message":"::1 - - [03/Oct/2025:08:56:22 +0000] \"GET /health HTTP/1.1\" 200 75 \"-\" \"HTTPie\"","service":"acquisitions-api","timestamp":"2025-10-03T08:56:22.575Z"}
{"level":"info","message":"::1 - - [03/Oct/2025:08:56:26 +0000] \"GET /health HTTP/1.1\" 200 75 \"-\" \"HTTPie\"","service":"acquisitions-api","timestamp":"2025-10-03T08:56:26.209Z"}
{"level":"info","message":"::1 - - [03/Oct/2025:08:56:26 +0000] \"GET /health HTTP/1.1\" 200 75 \"-\" \"HTTPie\"","service":"acquisitions-api","timestamp":"2025-10-03T08:56:26.663Z"}
{"level":"info","message":"::1 - - [03/Oct/2025:08:56:27 +0000] \"GET /health HTTP/1.1\" 200 75 \"-\" \"HTTPie\"","service":"acquisitions-api","timestamp":"2025-10-03T08:56:27.185Z"}
{"level":"info","message":"::1 - - [03/Oct/2025:08:56:28 +0000] \"GET /health HTTP/1.1\" 200 75 \"-\" \"HTTPie\"","service":"acquisitions-api","timestamp":"2025-10-03T08:56:28.437Z"}
{"ip":"::1","level":"warn","message":"Rate Limit Exceeded","method":"GET","path":"/health","service":"acquisitions-api","timestamp":"2025-10-03T08:56:28.890Z","userAgent":"HTTPie"}
{"level":"info","message":"::1 - - [03/Oct/2025:08:56:28 +0000] \"GET /health HTTP/1.1\" 200 51 \"-\" \"HTTPie\"","service":"acquisitions-api","timestamp":"2025-10-03T08:56:28.901Z"}
{"ip":"::1","level":"warn","message":"Rate Limit Exceeded","method":"GET","path":"/health","service":"acquisitions-api","timestamp":"2025-10-03T08:56:29.367Z","userAgent":"HTTPie"}
{"level":"info","message":"::1 - - [03/Oct/2025:08:56:29 +0000] \"GET /health HTTP/1.1\" 200 51 \"-\" \"HTTPie\"","service":"acquisitions-api","timestamp":"2025-10-03T08:56:29.374Z"}
{"ip":"::1","level":"warn","message":"Rate Limit Exceeded","method":"GET","path":"/health","service":"acquisitions-api","timestamp":"2025-10-03T08:56:29.694Z","userAgent":"HTTPie"}
{"level":"info","message":"::1 - - [03/Oct/2025:08:56:29 +0000] \"GET /health HTTP/1.1\" 200 51 \"-\" \"HTTPie\"","service":"acquisitions-api","timestamp":"2025-10-03T08:56:29.698Z"}
{"ip":"::1","level":"warn","message":"Rate Limit Exceeded","method":"GET","path":"/health","service":"acquisitions-api","timestamp":"2025-10-03T08:56:30.613Z","userAgent":"HTTPie"}
{"level":"info","message":"::1 - - [03/Oct/2025:08:56:30 +0000] \"GET /health HTTP/1.1\" 200 51 \"-\" \"HTTPie\"","service":"acquisitions-api","timestamp":"2025-10-03T08:56:30.617Z"}
{"ip":"::1","level":"warn","message":"Rate Limit Exceeded","method":"GET","path":"/health","service":"acquisitions-api","timestamp":"2025-10-03T08:56:30.820Z","userAgent":"HTTPie"}
{"level":"info","message":"::1 - - [03/Oct/2025:08:56:30 +0000] \"GET /health HTTP/1.1\" 200 51 \"-\" \"HTTPie\"","service":"acquisitions-api","timestamp":"2025-10-03T08:56:30.824Z"}
{"level":"info","message":"::1 - - [03/Oct/2025:14:15:41 +0000] \"GET /health HTTP/1.1\" 200 74 \"-\" \"HTTPie\"","service":"acquisitions-api","timestamp":"2025-10-03T14:15:41.830Z"}
{"level":"info","message":"::1 - - [03/Oct/2025:14:15:44 +0000] \"GET /health HTTP/1.1\" 200 74 \"-\" \"HTTPie\"","service":"acquisitions-api","timestamp":"2025-10-03T14:15:44.799Z"}
